manifest_merge_blame_file/debug/manifest-merger-blame-debug-report.txt
1<?xml version="1.0" encoding="utf-8"?>
2<manifest xmlns:android="http://schemas.android.com/apk/res/android"
3    package="com.example.whatsapp_android"
4    android:versionCode="1"
5    android:versionName="1.0" >
6
7    <uses-sdk
8        android:minSdkVersion="21"
8-->src\main\AndroidManifest.xml
9        android:targetSdkVersion="32" />
9-->src\main\AndroidManifest.xml
10
11    <uses-permission android:name="android.permission.INTERNET" />
11-->src\main\AndroidManifest.xml:6:5-67
11-->src\main\AndroidManifest.xml:6:22-64
12    <uses-permission android:name="android.permission.WAKE_LOCK" />
12-->[androidx.work:work-runtime:2.8.0-alpha02] AndroidManifest.xml:25:5-68
12-->[androidx.work:work-runtime:2.8.0-alpha02] AndroidManifest.xml:25:22-65
13    <uses-permission android:name="android.permission.ACCESS_NETWORK_STATE" />
13-->[androidx.work:work-runtime:2.8.0-alpha02] AndroidManifest.xml:26:5-79
13-->[androidx.work:work-runtime:2.8.0-alpha02] AndroidManifest.xml:26:22-76
14    <uses-permission android:name="android.permission.RECEIVE_BOOT_COMPLETED" />
14-->[androidx.work:work-runtime:2.8.0-alpha02] AndroidManifest.xml:27:5-81
14-->[androidx.work:work-runtime:2.8.0-alpha02] AndroidManifest.xml:27:22-78
15    <uses-permission android:name="android.permission.FOREGROUND_SERVICE" /> <!-- Required by older versions of Google Play services to create IID tokens -->
15-->[androidx.work:work-runtime:2.8.0-alpha02] AndroidManifest.xml:28:5-77
15-->[androidx.work:work-runtime:2.8.0-alpha02] AndroidManifest.xml:28:22-74
16    <uses-permission android:name="com.google.android.c2dm.permission.RECEIVE" />
16-->[com.google.firebase:firebase-iid:20.0.2] AndroidManifest.xml:26:5-82
16-->[com.google.firebase:firebase-iid:20.0.2] AndroidManifest.xml:26:22-79
17
18    <application
18-->src\main\AndroidManifest.xml:8:5-55:19
19        android:name="com.example.whatsapp_android.utilities.WhatsApp"
19-->src\main\AndroidManifest.xml:9:9-43
20        android:allowBackup="true"
20-->src\main\AndroidManifest.xml:10:9-35
21        android:appComponentFactory="androidx.core.app.CoreComponentFactory"
21-->[androidx.core:core:1.7.0] AndroidManifest.xml:24:18-86
22        android:dataExtractionRules="@xml/data_extraction_rules"
22-->src\main\AndroidManifest.xml:11:9-65
23        android:debuggable="true"
24        android:fullBackupContent="@xml/backup_rules"
24-->src\main\AndroidManifest.xml:12:9-54
25        android:icon="@mipmap/ic_launcher"
25-->src\main\AndroidManifest.xml:13:9-43
26        android:label="@string/app_name"
26-->src\main\AndroidManifest.xml:14:9-41
27        android:roundIcon="@mipmap/ic_launcher_round"
27-->src\main\AndroidManifest.xml:15:9-54
28        android:supportsRtl="true"
28-->src\main\AndroidManifest.xml:16:9-35
29        android:testOnly="true"
30        android:theme="@style/Theme.WhatsAppAndroid"
30-->src\main\AndroidManifest.xml:17:9-53
31        android:usesCleartextTraffic="true" >
31-->src\main\AndroidManifest.xml:18:9-44
32        <activity
32-->src\main\AndroidManifest.xml:20:9-23:57
33            android:name="com.example.whatsapp_android.activities.ChatActivity"
33-->src\main\AndroidManifest.xml:21:13-52
34            android:exported="false"
34-->src\main\AndroidManifest.xml:22:13-37
35            android:windowSoftInputMode="adjustResize" />
35-->src\main\AndroidManifest.xml:23:13-55
36        <activity
36-->src\main\AndroidManifest.xml:24:9-26:40
37            android:name="com.example.whatsapp_android.activities.UsersActivity"
37-->src\main\AndroidManifest.xml:25:13-53
38            android:exported="false" />
38-->src\main\AndroidManifest.xml:26:13-37
39        <activity
39-->src\main\AndroidManifest.xml:27:9-29:58
40            android:name="com.example.whatsapp_android.activities.SignUpActivity"
40-->src\main\AndroidManifest.xml:28:13-54
41            android:windowSoftInputMode="adjustResize" />
41-->src\main\AndroidManifest.xml:29:13-55
42        <activity
42-->src\main\AndroidManifest.xml:30:9-38:20
43            android:name="com.example.whatsapp_android.activities.SignInActivity"
43-->src\main\AndroidManifest.xml:31:13-54
44            android:exported="true"
44-->src\main\AndroidManifest.xml:32:13-36
45            android:windowSoftInputMode="adjustResize" >
45-->src\main\AndroidManifest.xml:33:13-55
46            <intent-filter>
46-->src\main\AndroidManifest.xml:34:13-37:29
47                <action android:name="android.intent.action.MAIN" />
47-->src\main\AndroidManifest.xml:35:17-69
47-->src\main\AndroidManifest.xml:35:25-66
48
49                <category android:name="android.intent.category.LAUNCHER" />
49-->src\main\AndroidManifest.xml:36:17-77
49-->src\main\AndroidManifest.xml:36:27-74
50            </intent-filter>
51        </activity>
52        <activity
52-->src\main\AndroidManifest.xml:40:9-46:20
53            android:name="com.example.whatsapp_android.activities.MainActivity"
53-->src\main\AndroidManifest.xml:40:19-58
54            android:exported="true" >
54-->src\main\AndroidManifest.xml:41:13-36
55            <intent-filter>
55-->src\main\AndroidManifest.xml:42:13-45:29
56                <action android:name="MainActivity" />
56-->src\main\AndroidManifest.xml:43:17-55
56-->src\main\AndroidManifest.xml:43:25-52
57
58                <category android:name="android.intent.category.DEFAULT" />
58-->src\main\AndroidManifest.xml:44:17-76
58-->src\main\AndroidManifest.xml:44:27-73
59            </intent-filter>
60        </activity>
61
62        <service
62-->src\main\AndroidManifest.xml:48:9-54:19
63            android:name="com.example.whatsapp_android.api.FirebaseService"
63-->src\main\AndroidManifest.xml:49:13-48
64            android:exported="false" >
64-->src\main\AndroidManifest.xml:50:13-37
65            <intent-filter>
65-->src\main\AndroidManifest.xml:51:13-53:29
66                <action android:name="com.google.firebase.MESSAGING_EVENT" />
66-->src\main\AndroidManifest.xml:52:17-77
66-->src\main\AndroidManifest.xml:52:25-75
67            </intent-filter>
68        </service>
69
70        <provider
70-->[androidx.work:work-runtime:2.8.0-alpha02] AndroidManifest.xml:31:9-39:20
71            android:name="androidx.startup.InitializationProvider"
71-->[androidx.work:work-runtime:2.8.0-alpha02] AndroidManifest.xml:32:13-67
72            android:authorities="com.example.whatsapp_android.androidx-startup"
72-->[androidx.work:work-runtime:2.8.0-alpha02] AndroidManifest.xml:33:13-68
73            android:exported="false" >
73-->[androidx.work:work-runtime:2.8.0-alpha02] AndroidManifest.xml:34:13-37
74            <meta-data
74-->[androidx.work:work-runtime:2.8.0-alpha02] AndroidManifest.xml:36:13-38:52
75                android:name="androidx.work.WorkManagerInitializer"
75-->[androidx.work:work-runtime:2.8.0-alpha02] AndroidManifest.xml:37:17-68
76                android:value="androidx.startup" />
76-->[androidx.work:work-runtime:2.8.0-alpha02] AndroidManifest.xml:38:17-49
77            <meta-data
77-->[androidx.emoji2:emoji2:1.0.0] AndroidManifest.xml:31:13-33:52
78                android:name="androidx.emoji2.text.EmojiCompatInitializer"
78-->[androidx.emoji2:emoji2:1.0.0] AndroidManifest.xml:32:17-75
79                android:value="androidx.startup" />
79-->[androidx.emoji2:emoji2:1.0.0] AndroidManifest.xml:33:17-49
80            <meta-data
80-->[androidx.lifecycle:lifecycle-process:2.4.0] AndroidManifest.xml:31:13-33:52
81                android:name="androidx.lifecycle.ProcessLifecycleInitializer"
81-->[androidx.lifecycle:lifecycle-process:2.4.0] AndroidManifest.xml:32:17-78
82                android:value="androidx.startup" />
82-->[androidx.lifecycle:lifecycle-process:2.4.0] AndroidManifest.xml:33:17-49
83        </provider>
84
85        <service
85-->[androidx.work:work-runtime:2.8.0-alpha02] AndroidManifest.xml:41:9-47:35
86            android:name="androidx.work.impl.background.systemalarm.SystemAlarmService"
86-->[androidx.work:work-runtime:2.8.0-alpha02] AndroidManifest.xml:42:13-88
87            android:directBootAware="false"
87-->[androidx.work:work-runtime:2.8.0-alpha02] AndroidManifest.xml:43:13-44
88            android:enabled="@bool/enable_system_alarm_service_default"
88-->[androidx.work:work-runtime:2.8.0-alpha02] AndroidManifest.xml:44:13-72
89            android:exported="false" />
89-->[androidx.work:work-runtime:2.8.0-alpha02] AndroidManifest.xml:45:13-37
90        <service
90-->[androidx.work:work-runtime:2.8.0-alpha02] AndroidManifest.xml:48:9-54:35
91            android:name="androidx.work.impl.background.systemjob.SystemJobService"
91-->[androidx.work:work-runtime:2.8.0-alpha02] AndroidManifest.xml:49:13-84
92            android:directBootAware="false"
92-->[androidx.work:work-runtime:2.8.0-alpha02] AndroidManifest.xml:50:13-44
93            android:enabled="@bool/enable_system_job_service_default"
93-->[androidx.work:work-runtime:2.8.0-alpha02] AndroidManifest.xml:51:13-70
94            android:exported="true"
94-->[androidx.work:work-runtime:2.8.0-alpha02] AndroidManifest.xml:52:13-36
95            android:permission="android.permission.BIND_JOB_SERVICE" />
95-->[androidx.work:work-runtime:2.8.0-alpha02] AndroidManifest.xml:53:13-69
96        <service
96-->[androidx.work:work-runtime:2.8.0-alpha02] AndroidManifest.xml:55:9-61:35
97            android:name="androidx.work.impl.foreground.SystemForegroundService"
97-->[androidx.work:work-runtime:2.8.0-alpha02] AndroidManifest.xml:56:13-81
98            android:directBootAware="false"
98-->[androidx.work:work-runtime:2.8.0-alpha02] AndroidManifest.xml:57:13-44
99            android:enabled="@bool/enable_system_foreground_service_default"
99-->[androidx.work:work-runtime:2.8.0-alpha02] AndroidManifest.xml:58:13-77
100            android:exported="false" />
100-->[androidx.work:work-runtime:2.8.0-alpha02] AndroidManifest.xml:59:13-37
101
102        <receiver
102-->[androidx.work:work-runtime:2.8.0-alpha02] AndroidManifest.xml:63:9-68:35
103            android:name="androidx.work.impl.utils.ForceStopRunnable$BroadcastReceiver"
103-->[androidx.work:work-runtime:2.8.0-alpha02] AndroidManifest.xml:64:13-88
104            android:directBootAware="false"
104-->[androidx.work:work-runtime:2.8.0-alpha02] AndroidManifest.xml:65:13-44
105            android:enabled="true"
105-->[androidx.work:work-runtime:2.8.0-alpha02] AndroidManifest.xml:66:13-35
106            android:exported="false" />
106-->[androidx.work:work-runtime:2.8.0-alpha02] AndroidManifest.xml:67:13-37
107        <receiver
107-->[androidx.work:work-runtime:2.8.0-alpha02] AndroidManifest.xml:69:9-79:20
108            android:name="androidx.work.impl.background.systemalarm.ConstraintProxy$BatteryChargingProxy"
108-->[androidx.work:work-runtime:2.8.0-alpha02] AndroidManifest.xml:70:13-106
109            android:directBootAware="false"
109-->[androidx.work:work-runtime:2.8.0-alpha02] AndroidManifest.xml:71:13-44
110            android:enabled="false"
110-->[androidx.work:work-runtime:2.8.0-alpha02] AndroidManifest.xml:72:13-36
111            android:exported="false" >
111-->[androidx.work:work-runtime:2.8.0-alpha02] AndroidManifest.xml:73:13-37
112            <intent-filter>
112-->[androidx.work:work-runtime:2.8.0-alpha02] AndroidManifest.xml:75:13-78:29
113                <action android:name="android.intent.action.ACTION_POWER_CONNECTED" />
113-->[androidx.work:work-runtime:2.8.0-alpha02] AndroidManifest.xml:76:17-87
113-->[androidx.work:work-runtime:2.8.0-alpha02] AndroidManifest.xml:76:25-84
114                <action android:name="android.intent.action.ACTION_POWER_DISCONNECTED" />
114-->[androidx.work:work-runtime:2.8.0-alpha02] AndroidManifest.xml:77:17-90
114-->[androidx.work:work-runtime:2.8.0-alpha02] AndroidManifest.xml:77:25-87
115            </intent-filter>
116        </receiver>
117        <receiver
117-->[androidx.work:work-runtime:2.8.0-alpha02] AndroidManifest.xml:80:9-90:20
118            android:name="androidx.work.impl.background.systemalarm.ConstraintProxy$BatteryNotLowProxy"
118-->[androidx.work:work-runtime:2.8.0-alpha02] AndroidManifest.xml:81:13-104
119            android:directBootAware="false"
119-->[androidx.work:work-runtime:2.8.0-alpha02] AndroidManifest.xml:82:13-44
120            android:enabled="false"
120-->[androidx.work:work-runtime:2.8.0-alpha02] AndroidManifest.xml:83:13-36
121            android:exported="false" >
121-->[androidx.work:work-runtime:2.8.0-alpha02] AndroidManifest.xml:84:13-37
122            <intent-filter>
122-->[androidx.work:work-runtime:2.8.0-alpha02] AndroidManifest.xml:86:13-89:29
123                <action android:name="android.intent.action.BATTERY_OKAY" />
123-->[androidx.work:work-runtime:2.8.0-alpha02] AndroidManifest.xml:87:17-77
123-->[androidx.work:work-runtime:2.8.0-alpha02] AndroidManifest.xml:87:25-74
124                <action android:name="android.intent.action.BATTERY_LOW" />
124-->[androidx.work:work-runtime:2.8.0-alpha02] AndroidManifest.xml:88:17-76
124-->[androidx.work:work-runtime:2.8.0-alpha02] AndroidManifest.xml:88:25-73
125            </intent-filter>
126        </receiver>
127        <receiver
127-->[androidx.work:work-runtime:2.8.0-alpha02] AndroidManifest.xml:91:9-101:20
128            android:name="androidx.work.impl.background.systemalarm.ConstraintProxy$StorageNotLowProxy"
128-->[androidx.work:work-runtime:2.8.0-alpha02] AndroidManifest.xml:92:13-104
129            android:directBootAware="false"
129-->[androidx.work:work-runtime:2.8.0-alpha02] AndroidManifest.xml:93:13-44
130            android:enabled="false"
130-->[androidx.work:work-runtime:2.8.0-alpha02] AndroidManifest.xml:94:13-36
131            android:exported="false" >
131-->[androidx.work:work-runtime:2.8.0-alpha02] AndroidManifest.xml:95:13-37
132            <intent-filter>
132-->[androidx.work:work-runtime:2.8.0-alpha02] AndroidManifest.xml:97:13-100:29
133                <action android:name="android.intent.action.DEVICE_STORAGE_LOW" />
133-->[androidx.work:work-runtime:2.8.0-alpha02] AndroidManifest.xml:98:17-83
133-->[androidx.work:work-runtime:2.8.0-alpha02] AndroidManifest.xml:98:25-80
134                <action android:name="android.intent.action.DEVICE_STORAGE_OK" />
134-->[androidx.work:work-runtime:2.8.0-alpha02] AndroidManifest.xml:99:17-82
134-->[androidx.work:work-runtime:2.8.0-alpha02] AndroidManifest.xml:99:25-79
135            </intent-filter>
136        </receiver>
137        <receiver
137-->[androidx.work:work-runtime:2.8.0-alpha02] AndroidManifest.xml:102:9-111:20
138            android:name="androidx.work.impl.background.systemalarm.ConstraintProxy$NetworkStateProxy"
138-->[androidx.work:work-runtime:2.8.0-alpha02] AndroidManifest.xml:103:13-103
139            android:directBootAware="false"
139-->[androidx.work:work-runtime:2.8.0-alpha02] AndroidManifest.xml:104:13-44
140            android:enabled="false"
140-->[androidx.work:work-runtime:2.8.0-alpha02] AndroidManifest.xml:105:13-36
141            android:exported="false" >
141-->[androidx.work:work-runtime:2.8.0-alpha02] AndroidManifest.xml:106:13-37
142            <intent-filter>
142-->[androidx.work:work-runtime:2.8.0-alpha02] AndroidManifest.xml:108:13-110:29
143                <action android:name="android.net.conn.CONNECTIVITY_CHANGE" />
143-->[androidx.work:work-runtime:2.8.0-alpha02] AndroidManifest.xml:109:17-79
143-->[androidx.work:work-runtime:2.8.0-alpha02] AndroidManifest.xml:109:25-76
144            </intent-filter>
145        </receiver>
146        <receiver
146-->[androidx.work:work-runtime:2.8.0-alpha02] AndroidManifest.xml:112:9-123:20
147            android:name="androidx.work.impl.background.systemalarm.RescheduleReceiver"
147-->[androidx.work:work-runtime:2.8.0-alpha02] AndroidManifest.xml:113:13-88
148            android:directBootAware="false"
148-->[androidx.work:work-runtime:2.8.0-alpha02] AndroidManifest.xml:114:13-44
149            android:enabled="false"
149-->[androidx.work:work-runtime:2.8.0-alpha02] AndroidManifest.xml:115:13-36
150            android:exported="false" >
150-->[androidx.work:work-runtime:2.8.0-alpha02] AndroidManifest.xml:116:13-37
151            <intent-filter>
151-->[androidx.work:work-runtime:2.8.0-alpha02] AndroidManifest.xml:118:13-122:29
152                <action android:name="android.intent.action.BOOT_COMPLETED" />
152-->[androidx.work:work-runtime:2.8.0-alpha02] AndroidManifest.xml:119:17-79
152-->[androidx.work:work-runtime:2.8.0-alpha02] AndroidManifest.xml:119:25-76
153                <action android:name="android.intent.action.TIME_SET" />
153-->[androidx.work:work-runtime:2.8.0-alpha02] AndroidManifest.xml:120:17-73
153-->[androidx.work:work-runtime:2.8.0-alpha02] AndroidManifest.xml:120:25-70
154                <action android:name="android.intent.action.TIMEZONE_CHANGED" />
154-->[androidx.work:work-runtime:2.8.0-alpha02] AndroidManifest.xml:121:17-81
154-->[androidx.work:work-runtime:2.8.0-alpha02] AndroidManifest.xml:121:25-78
155            </intent-filter>
156        </receiver>
157        <receiver
157-->[androidx.work:work-runtime:2.8.0-alpha02] AndroidManifest.xml:124:9-133:20
158            android:name="androidx.work.impl.background.systemalarm.ConstraintProxyUpdateReceiver"
158-->[androidx.work:work-runtime:2.8.0-alpha02] AndroidManifest.xml:125:13-99
159            android:directBootAware="false"
159-->[androidx.work:work-runtime:2.8.0-alpha02] AndroidManifest.xml:126:13-44
160            android:enabled="@bool/enable_system_alarm_service_default"
160-->[androidx.work:work-runtime:2.8.0-alpha02] AndroidManifest.xml:127:13-72
161            android:exported="false" >
161-->[androidx.work:work-runtime:2.8.0-alpha02] AndroidManifest.xml:128:13-37
162            <intent-filter>
162-->[androidx.work:work-runtime:2.8.0-alpha02] AndroidManifest.xml:130:13-132:29
163                <action android:name="androidx.work.impl.background.systemalarm.UpdateProxies" />
163-->[androidx.work:work-runtime:2.8.0-alpha02] AndroidManifest.xml:131:17-98
163-->[androidx.work:work-runtime:2.8.0-alpha02] AndroidManifest.xml:131:25-95
164            </intent-filter>
165        </receiver>
166        <receiver
166-->[androidx.work:work-runtime:2.8.0-alpha02] AndroidManifest.xml:134:9-144:20
167            android:name="androidx.work.impl.diagnostics.DiagnosticsReceiver"
167-->[androidx.work:work-runtime:2.8.0-alpha02] AndroidManifest.xml:135:13-78
168            android:directBootAware="false"
168-->[androidx.work:work-runtime:2.8.0-alpha02] AndroidManifest.xml:136:13-44
169            android:enabled="true"
169-->[androidx.work:work-runtime:2.8.0-alpha02] AndroidManifest.xml:137:13-35
170            android:exported="true"
170-->[androidx.work:work-runtime:2.8.0-alpha02] AndroidManifest.xml:138:13-36
171            android:permission="android.permission.DUMP" >
171-->[androidx.work:work-runtime:2.8.0-alpha02] AndroidManifest.xml:139:13-57
172            <intent-filter>
172-->[androidx.work:work-runtime:2.8.0-alpha02] AndroidManifest.xml:141:13-143:29
173                <action android:name="androidx.work.diagnostics.REQUEST_DIAGNOSTICS" />
173-->[androidx.work:work-runtime:2.8.0-alpha02] AndroidManifest.xml:142:17-88
173-->[androidx.work:work-runtime:2.8.0-alpha02] AndroidManifest.xml:142:25-85
174            </intent-filter>
175        </receiver>
176
177        <service
177-->[androidx.room:room-runtime:2.4.2] AndroidManifest.xml:25:9-28:40
178            android:name="androidx.room.MultiInstanceInvalidationService"
178-->[androidx.room:room-runtime:2.4.2] AndroidManifest.xml:26:13-74
179            android:directBootAware="true"
179-->[androidx.room:room-runtime:2.4.2] AndroidManifest.xml:27:13-43
180            android:exported="false" />
180-->[androidx.room:room-runtime:2.4.2] AndroidManifest.xml:28:13-37
181        <!--
182             FirebaseMessagingService performs security checks at runtime,
183             but set to not exported to explicitly avoid allowing another app to call it.
184        -->
185        <service
185-->[com.google.firebase:firebase-messaging:20.1.0] AndroidManifest.xml:28:9-34:19
186            android:name="com.google.firebase.messaging.FirebaseMessagingService"
186-->[com.google.firebase:firebase-messaging:20.1.0] AndroidManifest.xml:29:13-82
187            android:exported="false" >
187-->[com.google.firebase:firebase-messaging:20.1.0] AndroidManifest.xml:30:13-37
188            <intent-filter android:priority="-500" >
188-->src\main\AndroidManifest.xml:51:13-53:29
189                <action android:name="com.google.firebase.MESSAGING_EVENT" />
189-->src\main\AndroidManifest.xml:52:17-77
189-->src\main\AndroidManifest.xml:52:25-75
190            </intent-filter>
191        </service>
192        <service
192-->[com.google.firebase:firebase-messaging:20.1.0] AndroidManifest.xml:35:9-41:19
193            android:name="com.google.firebase.components.ComponentDiscoveryService"
193-->[com.google.firebase:firebase-messaging:20.1.0] AndroidManifest.xml:36:13-84
194            android:directBootAware="true"
194-->[com.google.firebase:firebase-common:19.3.0] AndroidManifest.xml:34:13-43
195            android:exported="false" >
195-->[com.google.firebase:firebase-messaging:20.1.0] AndroidManifest.xml:37:13-37
196            <meta-data
196-->[com.google.firebase:firebase-messaging:20.1.0] AndroidManifest.xml:38:13-40:85
197                android:name="com.google.firebase.components:com.google.firebase.messaging.FirebaseMessagingRegistrar"
197-->[com.google.firebase:firebase-messaging:20.1.0] AndroidManifest.xml:39:17-119
198                android:value="com.google.firebase.components.ComponentRegistrar" />
198-->[com.google.firebase:firebase-messaging:20.1.0] AndroidManifest.xml:40:17-82
199            <meta-data
199-->[com.google.firebase:firebase-datatransport:17.0.3] AndroidManifest.xml:28:13-30:85
200                android:name="com.google.firebase.components:com.google.firebase.datatransport.TransportRegistrar"
200-->[com.google.firebase:firebase-datatransport:17.0.3] AndroidManifest.xml:29:17-115
201                android:value="com.google.firebase.components.ComponentRegistrar" />
201-->[com.google.firebase:firebase-datatransport:17.0.3] AndroidManifest.xml:30:17-82
202            <meta-data
202-->[com.google.firebase:firebase-iid:20.0.2] AndroidManifest.xml:32:13-34:85
203                android:name="com.google.firebase.components:com.google.firebase.iid.Registrar"
203-->[com.google.firebase:firebase-iid:20.0.2] AndroidManifest.xml:33:17-96
204                android:value="com.google.firebase.components.ComponentRegistrar" />
204-->[com.google.firebase:firebase-iid:20.0.2] AndroidManifest.xml:34:17-82
205        </service>
206
207        <receiver
207-->[com.google.firebase:firebase-iid:20.0.2] AndroidManifest.xml:37:9-44:20
208            android:name="com.google.firebase.iid.FirebaseInstanceIdReceiver"
208-->[com.google.firebase:firebase-iid:20.0.2] AndroidManifest.xml:38:13-78
209            android:exported="true"
209-->[com.google.firebase:firebase-iid:20.0.2] AndroidManifest.xml:39:13-36
210            android:permission="com.google.android.c2dm.permission.SEND" >
210-->[com.google.firebase:firebase-iid:20.0.2] AndroidManifest.xml:40:13-73
211            <intent-filter>
211-->[com.google.firebase:firebase-iid:20.0.2] AndroidManifest.xml:41:13-43:29
212                <action android:name="com.google.android.c2dm.intent.RECEIVE" />
212-->[com.google.firebase:firebase-iid:20.0.2] AndroidManifest.xml:42:17-81
212-->[com.google.firebase:firebase-iid:20.0.2] AndroidManifest.xml:42:25-78
213            </intent-filter>
214        </receiver>
215
216        <provider
216-->[com.google.firebase:firebase-common:19.3.0] AndroidManifest.xml:26:9-30:39
217            android:name="com.google.firebase.provider.FirebaseInitProvider"
217-->[com.google.firebase:firebase-common:19.3.0] AndroidManifest.xml:27:13-77
218            android:authorities="com.example.whatsapp_android.firebaseinitprovider"
218-->[com.google.firebase:firebase-common:19.3.0] AndroidManifest.xml:28:13-72
219            android:exported="false"
219-->[com.google.firebase:firebase-common:19.3.0] AndroidManifest.xml:29:13-37
220            android:initOrder="100" />
220-->[com.google.firebase:firebase-common:19.3.0] AndroidManifest.xml:30:13-36
221
222        <activity
222-->[com.google.android.gms:play-services-base:17.0.0] AndroidManifest.xml:23:9-26:75
223            android:name="com.google.android.gms.common.api.GoogleApiActivity"
223-->[com.google.android.gms:play-services-base:17.0.0] AndroidManifest.xml:24:13-79
224            android:exported="false"
224-->[com.google.android.gms:play-services-base:17.0.0] AndroidManifest.xml:25:13-37
225            android:theme="@android:style/Theme.Translucent.NoTitleBar" />
225-->[com.google.android.gms:play-services-base:17.0.0] AndroidManifest.xml:26:13-72
226
227        <meta-data
227-->[com.google.android.gms:play-services-basement:17.0.0] AndroidManifest.xml:23:9-25:69
228            android:name="com.google.android.gms.version"
228-->[com.google.android.gms:play-services-basement:17.0.0] AndroidManifest.xml:24:13-58
229            android:value="@integer/google_play_services_version" />
229-->[com.google.android.gms:play-services-basement:17.0.0] AndroidManifest.xml:25:13-66
230
231        <service
231-->[com.google.android.datatransport:transport-backend-cct:2.2.0] AndroidManifest.xml:29:9-35:19
232            android:name="com.google.android.datatransport.runtime.backends.TransportBackendDiscovery"
232-->[com.google.android.datatransport:transport-backend-cct:2.2.0] AndroidManifest.xml:30:13-103
233            android:exported="false" >
233-->[com.google.android.datatransport:transport-backend-cct:2.2.0] AndroidManifest.xml:31:13-37
234            <meta-data
234-->[com.google.android.datatransport:transport-backend-cct:2.2.0] AndroidManifest.xml:32:13-34:39
235                android:name="backend:com.google.android.datatransport.cct.CctBackendFactory"
235-->[com.google.android.datatransport:transport-backend-cct:2.2.0] AndroidManifest.xml:33:17-94
236                android:value="cct" />
236-->[com.google.android.datatransport:transport-backend-cct:2.2.0] AndroidManifest.xml:34:17-36
237        </service>
238        <service
238-->[com.google.android.datatransport:transport-runtime:2.2.0] AndroidManifest.xml:26:9-30:19
239            android:name="com.google.android.datatransport.runtime.scheduling.jobscheduling.JobInfoSchedulerService"
239-->[com.google.android.datatransport:transport-runtime:2.2.0] AndroidManifest.xml:27:13-117
240            android:exported="false"
240-->[com.google.android.datatransport:transport-runtime:2.2.0] AndroidManifest.xml:28:13-37
241            android:permission="android.permission.BIND_JOB_SERVICE" >
241-->[com.google.android.datatransport:transport-runtime:2.2.0] AndroidManifest.xml:29:13-69
242        </service>
243
244        <receiver
244-->[com.google.android.datatransport:transport-runtime:2.2.0] AndroidManifest.xml:32:9-34:40
245            android:name="com.google.android.datatransport.runtime.scheduling.jobscheduling.AlarmManagerSchedulerBroadcastReceiver"
245-->[com.google.android.datatransport:transport-runtime:2.2.0] AndroidManifest.xml:33:13-132
246            android:exported="false" />
246-->[com.google.android.datatransport:transport-runtime:2.2.0] AndroidManifest.xml:34:13-37
247    </application>
248
249</manifest>